This is pdfTeX, Version 3.14159265-2.6-1.40.20 (TeX Live 2019/Debian) (preloaded format=pdflatex 2021.7.19)  25 JUL 2021 13:34
entering extended mode
 restricted \write18 enabled.
 %&-line parsing enabled.
**refman
(./refman.tex
LaTeX2e <2020-02-02> patch level 2
L3 programming layer <2020-02-14>
(/usr/share/texlive/texmf-dist/tex/latex/base/book.cls
Document Class: book 2019/12/20 v1.4l Standard LaTeX document class
(/usr/share/texlive/texmf-dist/tex/latex/base/bk10.clo
File: bk10.clo 2019/12/20 v1.4l Standard LaTeX file (size option)
)
\c@part=\count167
\c@chapter=\count168
\c@section=\count169
\c@subsection=\count170
\c@subsubsection=\count171
\c@paragraph=\count172
\c@subparagraph=\count173
\c@figure=\count174
\c@table=\count175
\abovecaptionskip=\skip47
\belowcaptionskip=\skip48
\bibindent=\dimen134
)
(/usr/share/texlive/texmf-dist/tex/latex/base/ifthen.sty
Package: ifthen 2014/09/29 v1.1c Standard LaTeX ifthen package (DPC)
)
(/usr/share/texlive/texmf-dist/tex/latex/tools/array.sty
Rollback for package 'array' requested -> date 2016-10-06.
         Best approximation is the release introduced on 2016-10-06.

(/usr/share/texlive/texmf-dist/tex/latex/tools/array-2016-10-06.sty
Package: array 2016/10/06 v2.4d Tabular extension package (FMi)
\col@sep=\dimen135
\extrarowheight=\dimen136
\NC@list=\toks14
\extratabsurround=\skip49
\backup@length=\skip50
))
(/usr/share/texlive/texmf-dist/tex/latex/base/fixltx2e.sty
Package: fixltx2e 2016/12/29 v2.1a fixes to LaTeX (obsolete)
Applying: [2015/01/01] Old fixltx2e package on input line 46.


Package fixltx2e Warning: fixltx2e is not required with releases after 2015
(fixltx2e)                All fixes are now in the LaTeX kernel.
(fixltx2e)                See the latexrelease package for details.

Already applied: [0000/00/00] Old fixltx2e package on input line 53.
) (/usr/share/texlive/texmf-dist/tex/latex/tools/calc.sty
Package: calc 2017/05/25 v4.3 Infix arithmetic (KKT,FJ)
\calc@Acount=\count176
\calc@Bcount=\count177
\calc@Adimen=\dimen137
\calc@Bdimen=\dimen138
\calc@Askip=\skip51
\calc@Bskip=\skip52
LaTeX Info: Redefining \setlength on input line 80.
LaTeX Info: Redefining \addtolength on input line 81.
\calc@Ccount=\count178
\calc@Cskip=\skip53
) (./doxygen.sty
Package: doxygen 

(/usr/share/texlive/texmf-dist/tex/latex/base/alltt.sty
Package: alltt 1997/06/16 v2.0g defines alltt environment
)
(/usr/share/texlive/texmf-dist/tex/latex/float/float.sty
Package: float 2001/11/08 v1.3d Float enhancements (AL)
\c@float@type=\count179
\float@exts=\toks15
\float@box=\box45
\@float@everytoks=\toks16
\@floatcapt=\box46
)
(/usr/share/texlive/texmf-dist/tex/latex/tools/verbatim.sty
Package: verbatim 2019/11/10 v1.5r LaTeX2e package for verbatim enhancements
\every@verbatim=\toks17
\verbatim@line=\toks18
\verbatim@in@stream=\read2
)
(/usr/share/texlive/texmf-dist/tex/latex/xcolor/xcolor.sty
Package: xcolor 2016/05/11 v2.12 LaTeX color extensions (UK)

(/usr/share/texlive/texmf-dist/tex/latex/graphics-cfg/color.cfg
File: color.cfg 2016/01/02 v1.6 sample color configuration
)
Package xcolor Info: Driver file: pdftex.def on input line 225.

(/usr/share/texlive/texmf-dist/tex/latex/graphics-def/pdftex.def
File: pdftex.def 2018/01/08 v1.0l Graphics/color driver for pdftex
)
(/usr/share/texlive/texmf-dist/tex/latex/colortbl/colortbl.sty
Package: colortbl 2020/01/04 v1.0e Color table columns (DPC)
\everycr=\toks19
\minrowclearance=\skip54
)
\rownum=\count180
Package xcolor Info: Model `cmy' substituted by `cmy0' on input line 1348.
Package xcolor Info: Model `hsb' substituted by `rgb' on input line 1352.
Package xcolor Info: Model `RGB' extended on input line 1364.
Package xcolor Info: Model `HTML' substituted by `rgb' on input line 1366.
Package xcolor Info: Model `Hsb' substituted by `hsb' on input line 1367.
Package xcolor Info: Model `tHsb' substituted by `hsb' on input line 1368.
Package xcolor Info: Model `HSB' substituted by `hsb' on input line 1369.
Package xcolor Info: Model `Gray' substituted by `gray' on input line 1370.
Package xcolor Info: Model `wave' substituted by `hsb' on input line 1371.
)
(./longtable_doxygen.sty
Package: longtable_doxygen 2014/10/28 v4.11 Multi-page Table package (DPC) - fr
ozen version for doxygen
\LTleft=\skip55
\LTright=\skip56
\LTpre=\skip57
\LTpost=\skip58
\LTchunksize=\count181
\LTcapwidth=\dimen139
\LT@head=\box47
\LT@firsthead=\box48
\LT@foot=\box49
\LT@lastfoot=\box50
\LT@cols=\count182
\LT@rows=\count183
\c@LT@tables=\count184
\c@LT@chunks=\count185
\LT@p@ftn=\toks20
) (./tabu_doxygen.sty
Package: tabu_doxygen 2011/02/26 v2.8 - flexible LaTeX tabulars (FC), frozen ve
rsion for doxygen

(/usr/share/texlive/texmf-dist/tex/latex/varwidth/varwidth.sty
Package: varwidth 2009/03/30 ver 0.92;  Variable-width minipages
\@vwid@box=\box51
\sift@deathcycles=\count186
\@vwid@loff=\dimen140
\@vwid@roff=\dimen141
)
\c@taburow=\count187
\tabu@nbcols=\count188
\tabu@cnt=\count189
\tabu@Xcol=\count190
\tabu@alloc=\count191
\tabu@nested=\count192
\tabu@target=\dimen142
\tabu@spreadtarget=\dimen143
\tabu@naturalX=\dimen144
\tabucolX=\dimen145
\tabu@Xsum=\dimen146
\extrarowdepth=\dimen147
\abovetabulinesep=\dimen148
\belowtabulinesep=\dimen149
\tabustrutrule=\dimen150
\tabu@thebody=\toks21
\tabu@footnotes=\toks22
\tabu@box=\box52
\tabu@arstrutbox=\box53
\tabu@hleads=\box54
\tabu@vleads=\box55
\tabu@cellskip=\skip59
)
(/usr/share/texlive/texmf-dist/tex/latex/fancyvrb/fancyvrb.sty
Package: fancyvrb 2020/01/13 v3.5 verbatim text (tvz,hv)

(/usr/share/texlive/texmf-dist/tex/latex/graphics/keyval.sty
Package: keyval 2014/10/28 v1.15 key=value parser (DPC)
\KV@toks@=\toks23
)
\FV@CodeLineNo=\count193
\FV@InFile=\read3
\FV@TabBox=\box56
\c@FancyVerbLine=\count194
\FV@StepNumber=\count195
\FV@OutFile=\write3
)
(/usr/share/texlive/texmf-dist/tex/latex/tools/tabularx.sty
Package: tabularx 2020/01/15 v2.11c `tabularx' package (DPC)
\TX@col@width=\dimen151
\TX@old@table=\dimen152
\TX@old@col=\dimen153
\TX@target=\dimen154
\TX@delta=\dimen155
\TX@cols=\count196
\TX@ftn=\toks24
)
(/usr/share/texlive/texmf-dist/tex/latex/multirow/multirow.sty
Package: multirow 2019/05/31 v2.5 Span multiple rows of a table
\multirow@colwidth=\skip60
\multirow@cntb=\count197
\multirow@dima=\skip61
\bigstrutjot=\dimen156
)
(/usr/share/texlive/texmf-dist/tex/latex/hanging/hanging.sty
Package: hanging 2009/09/02 v1.2b hanging paragraphs and punctuation
\h@ngcommawd=\skip62
\h@ngfstopwd=\skip63
\h@ngquotewd=\skip64
\h@ngdquotewd=\skip65
\h@ngquerywd=\skip66
\h@ngexclwd=\skip67
\h@ngcolonwd=\skip68
\h@ngscolonwd=\skip69
)
(/usr/share/texlive/texmf-dist/tex/generic/iftex/ifpdf.sty
Package: ifpdf 2019/10/25 v3.4 ifpdf legacy package. Use iftex instead.

(/usr/share/texlive/texmf-dist/tex/generic/iftex/iftex.sty
Package: iftex 2019/11/07 v1.0c TeX engine tests
))
(/usr/share/texlive/texmf-dist/tex/latex/adjustbox/adjustbox.sty
Package: adjustbox 2019/01/04 v1.2 Adjusting TeX boxes (trim, clip, ...)

(/usr/share/texlive/texmf-dist/tex/latex/xkeyval/xkeyval.sty
Package: xkeyval 2014/12/03 v2.7a package option processing (HA)

(/usr/share/texlive/texmf-dist/tex/generic/xkeyval/xkeyval.tex
(/usr/share/texlive/texmf-dist/tex/generic/xkeyval/xkvutils.tex
\XKV@toks=\toks25
\XKV@tempa@toks=\toks26
)
\XKV@depth=\count198
File: xkeyval.tex 2014/12/03 v2.7a key=value parser (HA)
))
(/usr/share/texlive/texmf-dist/tex/latex/adjustbox/adjcalc.sty
Package: adjcalc 2012/05/16 v1.1 Provides advanced setlength with multiple back
-ends (calc, etex, pgfmath)
)
(/usr/share/texlive/texmf-dist/tex/latex/adjustbox/trimclip.sty
Package: trimclip 2018/04/08 v1.1 Trim and clip general TeX material

(/usr/share/texlive/texmf-dist/tex/latex/graphics/graphicx.sty
Package: graphicx 2019/11/30 v1.2a Enhanced LaTeX Graphics (DPC,SPQR)

(/usr/share/texlive/texmf-dist/tex/latex/graphics/graphics.sty
Package: graphics 2019/11/30 v1.4a Standard LaTeX Graphics (DPC,SPQR)

(/usr/share/texlive/texmf-dist/tex/latex/graphics/trig.sty
Package: trig 2016/01/03 v1.10 sin cos tan (DPC)
)
(/usr/share/texlive/texmf-dist/tex/latex/graphics-cfg/graphics.cfg
File: graphics.cfg 2016/06/04 v1.11 sample graphics configuration
)
Package graphics Info: Driver file: pdftex.def on input line 105.
)
\Gin@req@height=\dimen157
\Gin@req@width=\dimen158
)
(/usr/share/texlive/texmf-dist/tex/latex/collectbox/collectbox.sty
Package: collectbox 2012/05/17 v0.4b Collect macro arguments as boxes
\collectedbox=\box57
)
\tc@llx=\dimen159
\tc@lly=\dimen160
\tc@urx=\dimen161
\tc@ury=\dimen162
Package trimclip Info: Using driver 'tc-pdftex.def'.

(/usr/share/texlive/texmf-dist/tex/latex/adjustbox/tc-pdftex.def
File: tc-pdftex.def 2019/01/04 v2.2 Clipping driver for pdftex
))
\adjbox@Width=\dimen163
\adjbox@Height=\dimen164
\adjbox@Depth=\dimen165
\adjbox@Totalheight=\dimen166
\adjbox@pwidth=\dimen167
\adjbox@pheight=\dimen168
\adjbox@pdepth=\dimen169
\adjbox@ptotalheight=\dimen170

(/usr/share/texlive/texmf-dist/tex/latex/ifoddpage/ifoddpage.sty
Package: ifoddpage 2016/04/23 v1.1 Conditionals for odd/even page detection
\c@checkoddpage=\count199
))
(/usr/share/texlive/texmf-dist/tex/latex/amsfonts/amssymb.sty
Package: amssymb 2013/01/14 v3.01 AMS font symbols

(/usr/share/texlive/texmf-dist/tex/latex/amsfonts/amsfonts.sty
Package: amsfonts 2013/01/14 v3.01 Basic AMSFonts support
\@emptytoks=\toks27
\symAMSa=\mathgroup4
\symAMSb=\mathgroup5
LaTeX Font Info:    Redeclaring math symbol \hbar on input line 98.
LaTeX Font Info:    Overwriting math alphabet `\mathfrak' in version `bold'
(Font)                  U/euf/m/n --> U/euf/b/n on input line 106.
))
(/usr/share/texlive/texmf-dist/tex/latex/stackengine/stackengine.sty
Package: stackengine 2017/02/13 v4.01\ Stacking text and objects in convenient 
ways

(/usr/share/texlive/texmf-dist/tex/latex/etoolbox/etoolbox.sty
Package: etoolbox 2019/09/21 v2.5h e-TeX tools for LaTeX (JAW)
\etb@tempcnta=\count266
)
(/usr/share/texlive/texmf-dist/tex/generic/listofitems/listofitems.sty
(/usr/share/texlive/texmf-dist/tex/generic/listofitems/listofitems.tex
\loi_cnt_foreach_nest=\count267
\loi_nestcnt=\count268
)
Package: listofitems 2019/08/21 v1.63 Grab items in lists using user-specified 
sep char (CT)
)
\c@@stackindex=\count269
\@boxshift=\skip70
\stack@tmplength=\skip71
\temp@stkl=\skip72
\@stackedboxwidth=\skip73
\@addedbox=\box58
\@anchorbox=\box59
\stackedbox=\box60
\@centerbox=\box61
\c@ROWcellindex@=\count270
)
(/usr/share/texlive/texmf-dist/tex/generic/ulem/ulem.sty
\UL@box=\box62
\UL@hyphenbox=\box63
\UL@skip=\skip74
\UL@hook=\toks28
\UL@height=\dimen171
\UL@pe=\count271
\UL@pixel=\dimen172
\ULC@box=\box64
Package: ulem 2019/11/18
\ULdepth=\dimen173
)
\xrefbox=\box65
\xreflength=\skip75
\CodeWidthChar=\skip76
\CodeHeightChar=\skip77
\DoxyCodeWidth=\skip78
)
(/usr/share/texlive/texmf-dist/tex/latex/base/inputenc.sty
Package: inputenc 2018/08/11 v1.3c Input encoding file
\inpenc@prehook=\toks29
\inpenc@posthook=\toks30
)
(/usr/share/texlive/texmf-dist/tex/latex/base/makeidx.sty
Package: makeidx 2014/09/29 v1.0m Standard LaTeX package
)
(/usr/share/texlive/texmf-dist/tex/latex/tools/multicol.sty
Package: multicol 2019/12/09 v1.8y multicolumn formatting (FMi)
\c@tracingmulticols=\count272
\mult@box=\box66
\multicol@leftmargin=\dimen174
\c@unbalance=\count273
\c@collectmore=\count274
\doublecol@number=\count275
\multicoltolerance=\count276
\multicolpretolerance=\count277
\full@width=\dimen175
\page@free=\dimen176
\premulticols=\dimen177
\postmulticols=\dimen178
\multicolsep=\skip79
\multicolbaselineskip=\skip80
\partial@page=\box67
\last@line=\box68
\maxbalancingoverflow=\dimen179
\mult@rightbox=\box69
\mult@grightbox=\box70
\mult@gfirstbox=\box71
\mult@firstbox=\box72
\@tempa=\box73
\@tempa=\box74
\@tempa=\box75
\@tempa=\box76
\@tempa=\box77
\@tempa=\box78
\@tempa=\box79
\@tempa=\box80
\@tempa=\box81
\@tempa=\box82
\@tempa=\box83
\@tempa=\box84
\@tempa=\box85
\@tempa=\box86
\@tempa=\box87
\@tempa=\box88
\@tempa=\box89
\@tempa=\box90
\@tempa=\box91
\@tempa=\box92
\@tempa=\box93
\@tempa=\box94
\@tempa=\box95
\@tempa=\box96
\@tempa=\box97
\@tempa=\box98
\@tempa=\box99
\@tempa=\box100
\@tempa=\box101
\@tempa=\box102
\@tempa=\box103
\@tempa=\box104
\@tempa=\box105
\@tempa=\box106
\@tempa=\box107
\@tempa=\box108
\@tempa=\box109
\c@minrows=\count278
\c@columnbadness=\count279
\c@finalcolumnbadness=\count280
\last@try=\dimen180
\multicolovershoot=\dimen181
\multicolundershoot=\dimen182
\mult@nat@firstbox=\box110
\colbreak@box=\box111
\mc@col@check@num=\count281
)
(/usr/share/texlive/texmf-dist/tex/latex/base/textcomp.sty
Package: textcomp 2020/02/02 v2.0n Standard LaTeX package
)
(/usr/share/texlive/texmf-dist/tex/latex/wasysym/wasysym.sty
Package: wasysym 2020/01/19 v2.4 Wasy-2 symbol support package
\symwasy=\mathgroup6
LaTeX Font Info:    Overwriting symbol font `wasy' in version `bold'
(Font)                  U/wasy/m/n --> U/wasy/b/n on input line 93.
)
(/usr/share/texlive/texmf-dist/tex/generic/iftex/ifxetex.sty
Package: ifxetex 2019/10/25 v0.7 ifxetex legacy package. Use iftex instead.
)
(/usr/share/texlive/texmf-dist/tex/latex/base/fontenc.sty
Package: fontenc 2020/02/11 v2.0o Standard LaTeX package
)
(/usr/share/texlive/texmf-dist/tex/latex/psnfss/helvet.sty
Package: helvet 2005/04/12 PSNFSS-v9.2a (WaS) 
)
(/usr/share/texlive/texmf-dist/tex/latex/psnfss/courier.sty
Package: courier 2005/04/12 PSNFSS-v9.2a (WaS) 
)
(/usr/share/texlive/texmf-dist/tex/latex/sectsty/sectsty.sty
Package: sectsty 2002/02/25 v2.0.2 Commands to change all sectional heading sty
les


LaTeX Warning: Command \underbar  has changed.
               Check if current package is valid.


LaTeX Warning: Command \underline  has changed.
               Check if current package is valid.

) (/usr/share/texlive/texmf-dist/tex/latex/geometry/geometry.sty
Package: geometry 2020/01/02 v5.9 Page Geometry

(/usr/share/texlive/texmf-dist/tex/generic/iftex/ifvtex.sty
Package: ifvtex 2019/10/25 v1.7 ifvtex legacy package. Use iftex instead.
)
\Gm@cnth=\count282
\Gm@cntv=\count283
\c@Gm@tempcnt=\count284
\Gm@bindingoffset=\dimen183
\Gm@wd@mp=\dimen184
\Gm@odd@mp=\dimen185
\Gm@even@mp=\dimen186
\Gm@layoutwidth=\dimen187
\Gm@layoutheight=\dimen188
\Gm@layouthoffset=\dimen189
\Gm@layoutvoffset=\dimen190
\Gm@dimlist=\toks31
)
(/usr/share/texlive/texmf-dist/tex/latex/fancyhdr/fancyhdr.sty
Package: fancyhdr 2019/01/31 v3.10 Extensive control of page headers and footer
s
\f@nch@headwidth=\skip81
\f@nch@O@elh=\skip82
\f@nch@O@erh=\skip83
\f@nch@O@olh=\skip84
\f@nch@O@orh=\skip85
\f@nch@O@elf=\skip86
\f@nch@O@erf=\skip87
\f@nch@O@olf=\skip88
\f@nch@O@orf=\skip89
)
(/usr/share/texlive/texmf-dist/tex/latex/natbib/natbib.sty
Package: natbib 2010/09/13 8.31b (PWD, AO)
\bibhang=\skip90
\bibsep=\skip91
LaTeX Info: Redefining \cite on input line 694.
\c@NAT@ctr=\count285
)
(/usr/share/texlive/texmf-dist/tex/latex/tocloft/tocloft.sty
Package: tocloft 2017/08/31 v2.3i parameterised ToC, etc., typesetting
Package tocloft Info: The document has chapter divisions on input line 51.
\cftparskip=\skip92
\cftbeforetoctitleskip=\skip93
\cftaftertoctitleskip=\skip94
\cftbeforepartskip=\skip95
\cftpartnumwidth=\skip96
\cftpartindent=\skip97
\cftbeforechapskip=\skip98
\cftchapindent=\skip99
\cftchapnumwidth=\skip100
\cftbeforesecskip=\skip101
\cftsecindent=\skip102
\cftsecnumwidth=\skip103
\cftbeforesubsecskip=\skip104
\cftsubsecindent=\skip105
\cftsubsecnumwidth=\skip106
\cftbeforesubsubsecskip=\skip107
\cftsubsubsecindent=\skip108
\cftsubsubsecnumwidth=\skip109
\cftbeforeparaskip=\skip110
\cftparaindent=\skip111
\cftparanumwidth=\skip112
\cftbeforesubparaskip=\skip113
\cftsubparaindent=\skip114
\cftsubparanumwidth=\skip115
\cftbeforeloftitleskip=\skip116
\cftafterloftitleskip=\skip117
\cftbeforefigskip=\skip118
\cftfigindent=\skip119
\cftfignumwidth=\skip120
\c@lofdepth=\count286
\c@lotdepth=\count287
\cftbeforelottitleskip=\skip121
\cftafterlottitleskip=\skip122
\cftbeforetabskip=\skip123
\cfttabindent=\skip124
\cfttabnumwidth=\skip125
)
\@indexfile=\write4
\openout4 = `refman.idx'.


Writing index file refman.idx
(/usr/share/texlive/texmf-dist/tex/latex/newunicodechar/newunicodechar.sty
Package: newunicodechar 2018/04/08 v1.2 Defining Unicode characters
)

Package newunicodechar Warning: Redefining Unicode character on input line 116.



Package newunicodechar Warning: Redefining Unicode character on input line 117.


(/usr/share/texlive/texmf-dist/tex/latex/caption/caption.sty
Package: caption 2020/01/03 v3.4h Customizing captions (AR)

(/usr/share/texlive/texmf-dist/tex/latex/caption/caption3.sty
Package: caption3 2020/01/03 v1.8h caption3 kernel (AR)
Package caption3 Info: TeX engine: e-TeX on input line 61.
\captionmargin=\dimen191
\captionmargin@=\dimen192
\captionwidth=\dimen193
\caption@tempdima=\dimen194
\caption@indent=\dimen195
\caption@parindent=\dimen196
\caption@hangindent=\dimen197
Package caption Info: Standard document class detected.
)
\c@caption@flags=\count288
\c@continuedfloat=\count289
Package caption Info: float package is loaded.
Package caption Info: longtable package is loaded.

(/usr/share/texlive/texmf-dist/tex/latex/caption/ltcaption.sty
Package: ltcaption 2018/08/26 v1.4a longtable captions (AR)
))
(/usr/share/texlive/texmf-dist/tex/latex/etoc/etoc.sty
Package: etoc 2019/11/17 v1.09b Completely customisable TOCs (JFB)
\Etoc@toctoks=\toks32
\c@etoc@tocid=\count290
\c@etoc@tocdepth=\count291
\etoc@framed@titlebox=\box112
\etoc@framed@contentsbox=\box113
)
(/usr/share/texlive/texmf-dist/tex/latex/l3backend/l3backend-pdfmode.def
File: l3backend-pdfmode.def 2020-02-03 L3 backend support: PDF mode
\l__kernel_color_stack_int=\count292
\l__pdf_internal_box=\box114
)
(./refman.aux)
\openout1 = `refman.aux'.

LaTeX Font Info:    Checking defaults for OML/cmm/m/it on input line 132.
LaTeX Font Info:    ... okay on input line 132.
LaTeX Font Info:    Checking defaults for OMS/cmsy/m/n on input line 132.
LaTeX Font Info:    ... okay on input line 132.
LaTeX Font Info:    Checking defaults for OT1/cmr/m/n on input line 132.
LaTeX Font Info:    ... okay on input line 132.
LaTeX Font Info:    Checking defaults for T1/cmr/m/n on input line 132.
LaTeX Font Info:    ... okay on input line 132.
LaTeX Font Info:    Checking defaults for TS1/cmr/m/n on input line 132.
LaTeX Font Info:    ... okay on input line 132.
LaTeX Font Info:    Checking defaults for OMX/cmex/m/n on input line 132.
LaTeX Font Info:    ... okay on input line 132.
LaTeX Font Info:    Checking defaults for U/cmr/m/n on input line 132.
LaTeX Font Info:    ... okay on input line 132.
LaTeX Font Info:    Trying to load font information for T1+phv on input line 13
2.
 (/usr/share/texlive/texmf-dist/tex/latex/psnfss/t1phv.fd
File: t1phv.fd 2001/06/04 scalable font definitions for T1/phv.
)
LaTeX Font Info:    Font shape `T1/phv/m/n' will be
(Font)              scaled to size 8.99994pt on input line 132.

(/usr/share/texlive/texmf-dist/tex/context/base/mkii/supp-pdf.mkii
[Loading MPS to PDF converter (version 2006.09.02).]
\scratchcounter=\count293
\scratchdimen=\dimen198
\scratchbox=\box115
\nofMPsegments=\count294
\nofMParguments=\count295
\everyMPshowfont=\toks33
\MPscratchCnt=\count296
\MPscratchDim=\dimen199
\MPnumerator=\count297
\makeMPintoPDFobject=\count298
\everyMPtoPDFconversion=\toks34
) (/usr/share/texlive/texmf-dist/tex/latex/epstopdf-pkg/epstopdf-base.sty
Package: epstopdf-base 2020-01-24 v2.11 Base part for package epstopdf
Package epstopdf-base Info: Redefining graphics rule for `.eps' on input line 4
85.

(/usr/share/texlive/texmf-dist/tex/latex/latexconfig/epstopdf-sys.cfg
File: epstopdf-sys.cfg 2010/07/13 v1.3 Configuration of (r)epstopdf for TeX Liv
e
))
*geometry* driver: auto-detecting
*geometry* detected driver: pdftex
*geometry* verbose mode - [ preamble ] result:
* driver: pdftex
* paper: a4paper
* layout: <same size as paper>
* layoutoffset:(h,v)=(0.0pt,0.0pt)
* modes: twoside 
* h-part:(L,W,R)=(71.13188pt, 455.24411pt, 71.13188pt)
* v-part:(T,H,B)=(71.13188pt, 702.78308pt, 71.13188pt)
* \paperwidth=597.50787pt
* \paperheight=845.04684pt
* \textwidth=455.24411pt
* \textheight=702.78308pt
* \oddsidemargin=-1.1381pt
* \evensidemargin=-1.1381pt
* \topmargin=-31.2056pt
* \headheight=12.0pt
* \headsep=18.06749pt
* \topskip=10.0pt
* \footskip=25.29494pt
* \marginparwidth=125.0pt
* \marginparsep=7.0pt
* \columnsep=10.0pt
* \skip\footins=9.0pt plus 4.0pt minus 2.0pt
* \hoffset=0.0pt
* \voffset=0.0pt
* \mag=1000
* \@twocolumnfalse
* \@twosidetrue
* \@mparswitchtrue
* \@reversemarginfalse
* (1in=72.27pt=25.4mm, 1cm=28.453pt)

Package caption Info: Begin \AtBeginDocument code.
Package caption Info: End \AtBeginDocument code.
\Etoc@tf=\read4
LaTeX Font Info:    Font shape `T1/phv/m/n' will be
(Font)              scaled to size 12.9599pt on input line 139.
LaTeX Font Info:    Font shape `T1/phv/m/n' will be
(Font)              scaled to size 6.29996pt on input line 139.
LaTeX Font Info:    Trying to load font information for U+msa on input line 139
.
(/usr/share/texlive/texmf-dist/tex/latex/amsfonts/umsa.fd
File: umsa.fd 2013/01/14 v3.01 AMS symbols A
)
LaTeX Font Info:    Trying to load font information for U+msb on input line 139
.

(/usr/share/texlive/texmf-dist/tex/latex/amsfonts/umsb.fd
File: umsb.fd 2013/01/14 v3.01 AMS symbols B
)
LaTeX Font Info:    Trying to load font information for U+wasy on input line 13
9.

(/usr/share/texlive/texmf-dist/tex/latex/wasysym/uwasy.fd
File: uwasy.fd 2020/01/19 v2.4 Wasy-2 symbol font definitions
)
LaTeX Font Info:    Font shape `T1/phv/m/n' will be
(Font)              scaled to size 10.79993pt on input line 141.
 [1


{/var/lib/texmf/fonts/map/pdftex/updmap/pdftex.map}] [2

]
\tf@toc=\write5
\openout5 = `refman.toc'.

LaTeX Font Info:    Font shape `T1/phv/b/n' will be
(Font)              scaled to size 8.99994pt on input line 147.
LaTeX Font Info:    Font shape `T1/phv/b/n' will be
(Font)              scaled to size 6.29996pt on input line 147.
 [1] [2] [3] [4] [5] [6

]
Chapter 1.
LaTeX Font Info:    Font shape `T1/phv/m/n' will be
(Font)              scaled to size 18.66588pt on input line 151.
LaTeX Font Info:    Font shape `T1/phv/b/n' will be
(Font)              scaled to size 18.66588pt on input line 151.
LaTeX Font Info:    Font shape `T1/phv/bc/n' will be
(Font)              scaled to size 18.66588pt on input line 151.
LaTeX Font Info:    Font shape `T1/phv/m/n' will be
(Font)              scaled to size 22.39185pt on input line 151.
LaTeX Font Info:    Font shape `T1/phv/b/n' will be
(Font)              scaled to size 22.39185pt on input line 151.
LaTeX Font Info:    Font shape `T1/phv/bc/n' will be
(Font)              scaled to size 22.39185pt on input line 151.
LaTeX Font Info:    Font shape `T1/phv/bc/n' will be
(Font)              scaled to size 6.29996pt on input line 151.
(./d0/d30/md_README.tex
LaTeX Font Info:    Font shape `T1/phv/m/it' in size <10> not available
(Font)              Font shape `T1/phv/m/sl' tried instead on input line 1.
LaTeX Font Info:    Font shape `T1/phv/m/sl' will be
(Font)              scaled to size 8.99994pt on input line 1.
LaTeX Font Info:    Font shape `T1/phv/m/it' in size <7> not available
(Font)              Font shape `T1/phv/m/sl' tried instead on input line 1.
LaTeX Font Info:    Font shape `T1/phv/m/sl' will be
(Font)              scaled to size 6.29996pt on input line 1.
LaTeX Font Info:    Font shape `T1/phv/b/n' will be
(Font)              scaled to size 12.9599pt on input line 5.
LaTeX Font Info:    Trying to load font information for TS1+phv on input line 8
.

(/usr/share/texlive/texmf-dist/tex/latex/psnfss/ts1phv.fd
File: ts1phv.fd 2001/06/04 scalable font definitions for TS1/phv.
)
LaTeX Font Info:    Font shape `TS1/phv/m/n' will be
(Font)              scaled to size 8.99994pt on input line 8.


LaTeX Warning: Reference `d8/d80/def__struct_8h' on page 1 undefined on input l
ine 9.


LaTeX Warning: Reference `da/dff/ums__user__library_8h' on page 1 undefined on 
input line 11.


LaTeX Warning: Reference `de/d3f/user__struct_8h' on page 1 undefined on input 
line 12.


LaTeX Warning: Reference `da/dff/ums__user__library_8h' on page 1 undefined on 
input line 12.


LaTeX Warning: Reference `de/d3c/ums_8c_source' on page 1 undefined on input li
ne 16.


LaTeX Warning: Reference `d4/ddd/module__library_8c_source' on page 1 undefined
 on input line 17.


LaTeX Warning: Reference `d8/db9/test_8c_source' on page 1 undefined on input l
ine 21.

) [1

] [2

]
Chapter 2.
(./annotated.tex

LaTeX Warning: Reference `dd/d32/structcompletion__list__data' on page 3 undefi
ned on input line 5.


LaTeX Warning: Reference `d8/d00/structsched__thread__data' on page 3 undefined
 on input line 7.


LaTeX Warning: Reference `d2/d14/structums__worker__thread__data' on page 3 und
efined on input line 12.

) [3] [4

]
Chapter 3.
(./files.tex

LaTeX Warning: Reference `test_8c' on page 5 undefined on input line 3.


LaTeX Warning: Reference `export__proc__info_8c' on page 5 undefined on input l
ine 6.


LaTeX Warning: Reference `ums__user__library_8c' on page 5 undefined on input l
ine 8.


LaTeX Warning: Reference `module__library_8c' on page 5 undefined on input line
 11.


LaTeX Warning: Reference `ums_8c' on page 5 undefined on input line 13.

) [5] [6

]
Chapter 4.
(./d8/d08/structargs.tex
LaTeX Font Info:    Font shape `T1/phv/b/n' will be
(Font)              scaled to size 10.79993pt on input line 3.
) (./d0/dea/structcompletion__list.tex
LaTeX Font Info:    Trying to load font information for T1+pcr on input line 10
.

(/usr/share/texlive/texmf-dist/tex/latex/psnfss/t1pcr.fd
File: t1pcr.fd 2001/06/04 font definitions for T1/pcr.
)
LaTeX Font Info:    Font shape `T1/phv/m/n' will be
(Font)              scaled to size 7.19995pt on input line 44.
 [7]
Underfull \hbox (badness 10000) in paragraph at lines 76--77

 []

) (./dd/d32/structcompletion__list__data.tex

LaTeX Warning: Reference `dd/d32/structcompletion__list__data' on page 8 undefi
ned on input line 5.

[8] <./dd/d4d/structcompletion__list__data__coll__graph.pdf

pdfTeX warning: pdflatex (file ./dd/d4d/structcompletion__list__data__coll__gra
ph.pdf): PDF inclusion: multiple pdfs with page group included in a single page

>
<dd/d4d/structcompletion__list__data__coll__graph.pdf, id=63, 263.98625pt x 167
.62625pt>
File: dd/d4d/structcompletion__list__data__coll__graph.pdf Graphic file (type p
df)
<use dd/d4d/structcompletion__list__data__coll__graph.pdf>
Package pdftex.def Info: dd/d4d/structcompletion__list__data__coll__graph.pdf  
used on input line 18.
(pdftex.def)             Requested size: 263.0pt x 167.0094pt.


LaTeX Warning: Reference `dd/d32/structcompletion__list__data' on page 9 undefi
ned on input line 33.


LaTeX Warning: Reference `d2/d14/structums__worker__thread__data' on page 9 und
efined on input line 48.

[9]) (./d3/d34/structdequeue__fast__list.tex <./de/d6f/structdequeue__fast__lis
t__coll__graph.pdf>
<de/d6f/structdequeue__fast__list__coll__graph.pdf, id=75, 331.2375pt x 234.877
5pt>
File: de/d6f/structdequeue__fast__list__coll__graph.pdf Graphic file (type pdf)

<use de/d6f/structdequeue__fast__list__coll__graph.pdf>
Package pdftex.def Info: de/d6f/structdequeue__fast__list__coll__graph.pdf  use
d on input line 14.
(pdftex.def)             Requested size: 330.0pt x 234.0096pt.
 [10] [11]

LaTeX Warning: Reference `dd/d32/structcompletion__list__data' on page 12 undef
ined on input line 56.

) (./d8/d00/structsched__thread__data.tex

LaTeX Warning: Reference `d8/d00/structsched__thread__data' on page 12 undefine
d on input line 5.


LaTeX Warning: Reference `d8/d00/structsched__thread__data' on page 12 undefine
d on input line 24.

[12]

LaTeX Warning: Reference `d0/dea/structcompletion__list' on page 13 undefined o
n input line 49.

) (./d6/df7/structscheduler__thread.tex <./db/da5/structscheduler__thread__coll
__graph.pdf

pdfTeX warning: pdflatex (file ./db/da5/structscheduler__thread__coll__graph.pd
f): PDF inclusion: multiple pdfs with page group included in a single page
>
<db/da5/structscheduler__thread__coll__graph.pdf, id=96, 308.15125pt x 167.6262
5pt>
File: db/da5/structscheduler__thread__coll__graph.pdf Graphic file (type pdf)
<use db/da5/structscheduler__thread__coll__graph.pdf>
Package pdftex.def Info: db/da5/structscheduler__thread__coll__graph.pdf  used 
on input line 18.
(pdftex.def)             Requested size: 307.0pt x 167.01195pt.
 [13] [14] [15]

LaTeX Warning: Reference `d0/dea/structcompletion__list' on page 16 undefined o
n input line 184.

[16]) (./de/d09/structscheduler__thread__worker__lifo.tex <./d7/df2/structsched
uler__thread__worker__lifo__coll__graph.pdf

pdfTeX warning: pdflatex (file ./d7/df2/structscheduler__thread__worker__lifo__
coll__graph.pdf): PDF inclusion: multiple pdfs with page group included in a si
ngle page
>
<d7/df2/structscheduler__thread__worker__lifo__coll__graph.pdf, id=117, 240.9pt
 x 167.62625pt>
File: d7/df2/structscheduler__thread__worker__lifo__coll__graph.pdf Graphic fil
e (type pdf)
<use d7/df2/structscheduler__thread__worker__lifo__coll__graph.pdf>
Package pdftex.def Info: d7/df2/structscheduler__thread__worker__lifo__coll__gr
aph.pdf  used on input line 18.
(pdftex.def)             Requested size: 240.0pt x 167.00427pt.
 [17]) (./d8/daf/structums__device__data__s.tex)
(./d2/d50/structUMS__sched__data.tex [18] [19])
(./d2/d14/structums__worker__thread__data.tex

LaTeX Warning: Reference `d2/d14/structums__worker__thread__data' on page 20 un
defined on input line 5.

 <./d8/d98/structums__worker__thread__data__coll__graph.pdf

pdfTeX warning: pdflatex (file ./d8/d98/structums__worker__thread__data__coll__
graph.pdf): PDF inclusion: multiple pdfs with page group included in a single p
age
>
<d8/d98/structums__worker__thread__data__coll__graph.pdf, id=136, 263.98625pt x
 100.375pt>
File: d8/d98/structums__worker__thread__data__coll__graph.pdf Graphic file (typ
e pdf)
<use d8/d98/structums__worker__thread__data__coll__graph.pdf>
Package pdftex.def Info: d8/d98/structums__worker__thread__data__coll__graph.pd
f  used on input line 18.
(pdftex.def)             Requested size: 263.0pt x 100.00562pt.
 [20]

LaTeX Warning: Reference `d2/d14/structums__worker__thread__data' on page 21 un
defined on input line 37.


LaTeX Warning: Reference `d2/d14/structums__worker__thread__data_aa1c3c1e5fe184
902e926cae61900d97c' on page 21 undefined on input line 52.

[21]) (./dd/d5b/structworker__thread.tex [22]

LaTeX Warning: Reference `dd/d5b/structworker__thread_aa1c3c1e5fe184902e926cae6
1900d97c' on page 23 undefined on input line 88.

[23]
Underfull \hbox (badness 10000) in paragraph at lines 98--99

 []

) [24]
Chapter 5.
(./dc/d33/Common_8h.tex <./df/d50/Common_8h__dep__incl.pdf

pdfTeX warning: pdflatex (file ./df/d50/Common_8h__dep__incl.pdf): PDF inclusio
n: multiple pdfs with page group included in a single page
>
<df/d50/Common_8h__dep__incl.pdf, id=161, 664.4825pt x 347.2975pt>
File: df/d50/Common_8h__dep__incl.pdf Graphic file (type pdf)
<use df/d50/Common_8h__dep__incl.pdf>
Package pdftex.def Info: df/d50/Common_8h__dep__incl.pdf  used on input line 12
.
(pdftex.def)             Requested size: 350.0pt x 182.93274pt.
LaTeX Font Info:    Font shape `T1/phv/m/n' will be
(Font)              scaled to size 8.09995pt on input line 34.
LaTeX Font Info:    Font shape `T1/phv/m/it' in size <9> not available
(Font)              Font shape `T1/phv/m/sl' tried instead on input line 34.
LaTeX Font Info:    Font shape `T1/phv/m/sl' will be
(Font)              scaled to size 8.09995pt on input line 34.
 [25

]

LaTeX Warning: Reference `d2/d14/structums__worker__thread__data' on page 26 un
defined on input line 1.

[26]
Underfull \hbox (badness 10000) detected at line 94
[][][]
 []


Overfull \hbox (210.46991pt too wide) in paragraph at lines 101--101
 []    \T1/pcr/m/n/8 in the case of readers/writers or publish/subscribe or mas
ter/slaves use 2 different completion_list for the two groups of workers[] 
 []


LaTeX Warning: Reference `dd/d32/structcompletion__list__data' on page 27 undef
ined on input line 1.


Underfull \hbox (badness 10000) detected at line 127
[][][]
 []


LaTeX Warning: Reference `d0/dea/structcompletion__list' on page 27 undefined o
n input line 132.

LaTeX Font Info:    Font shape `T1/pcr/m/it' in size <8> not available
(Font)              Font shape `T1/pcr/m/sl' tried instead on input line 144.
[27]

LaTeX Warning: Reference `dd/d32/structcompletion__list__data' on page 28 undef
ined on input line 1.


Underfull \hbox (badness 10000) detected at line 199
[][][]
 []

[28]

LaTeX Warning: Reference `dd/d32/structcompletion__list__data' on page 29 undef
ined on input line 1.


Underfull \hbox (badness 10000) detected at line 227
[][][]
 []


LaTeX Warning: Reference `dd/d5b/structworker__thread' on page 29 undefined on 
input line 232.


LaTeX Warning: Reference `d2/d14/structums__worker__thread__data' on page 29 un
defined on input line 232.


LaTeX Warning: Reference `dd/d32/structcompletion__list__data' on page 29 undef
ined on input line 232.


LaTeX Warning: Reference `da/d2f/ums__user__library_8c_source' on page 29 undef
ined on input line 234.


LaTeX Warning: Reference `dd/d32/structcompletion__list__data' on page 29 undef
ined on input line 1.


Underfull \hbox (badness 10000) detected at line 254
[][][]
 []

[29]

LaTeX Warning: Reference `d8/d00/structsched__thread__data' on page 30 undefine
d on input line 1.


Underfull \hbox (badness 10000) detected at line 280
[][][]
 []


LaTeX Warning: Reference `d2/d14/structums__worker__thread__data' on page 30 un
defined on input line 1.

[30]
Underfull \hbox (badness 10000) detected at line 339
[][][]
 []


Overfull \hbox (43.9562pt too wide) in paragraph at lines 342--342
[]    \T1/pcr/m/n/8 called from a scheduler thread, it executes the passed work
er thread by switching the entire context 
 []


Overfull \hbox (63.15622pt too wide) in paragraph at lines 346--346
[]    \T1/pcr/m/n/8 otherwise set all the information in the current scheduler 
and then return ums_worker_thread_data filled[] 
 []


Underfull \hbox (badness 10000) detected at line 370
[][][]
 []


LaTeX Warning: Reference `d8/d00/structsched__thread__data' on page 31 undefine
d on input line 1.


Overfull \vbox (1.49405pt too high) has occurred while \output is active []


[31]
Underfull \hbox (badness 10000) detected at line 397
[][][]
 []


Overfull \hbox (42.4698pt too wide) in paragraph at lines 406--406
 []    \T1/pcr/m/n/8 at the end like the execute pass sched_thread_data to the 
user filled with entry_point and args[] 
 []


Underfull \hbox (badness 10000) detected at line 442
[][][]
 []


LaTeX Warning: Reference `d8/d00/structsched__thread__data' on page 32 undefine
d on input line 1.

[32]
Underfull \hbox (badness 10000) detected at line 464
[][][]
 []


Overfull \hbox (370.35641pt too wide) in paragraph at lines 469--469
[]   \T1/pcr/m/n/8 called from a worker thread, it pauses the execution of the 
current thread and the UMS scheduler entry point is executed for determining th
e next thread to be scheduled;[] 
 []

) (./d8/d80/def__struct_8h.tex <./d6/db4/def__struct_8h__incl.pdf

pdfTeX warning: pdflatex (file ./d6/db4/def__struct_8h__incl.pdf): PDF inclusio
n: multiple pdfs with page group included in a single page
>
<d6/db4/def__struct_8h__incl.pdf, id=197, 676.5275pt x 156.585pt>
File: d6/db4/def__struct_8h__incl.pdf Graphic file (type pdf)
<use d6/db4/def__struct_8h__incl.pdf>
Package pdftex.def Info: d6/db4/def__struct_8h__incl.pdf  used on input line 18
.
(pdftex.def)             Requested size: 350.0pt x 81.0113pt.
 <./dd/dd6/def__struct_8h__dep__incl.pdf

pdfTeX warning: pdflatex (file ./dd/dd6/def__struct_8h__dep__incl.pdf): PDF inc
lusion: multiple pdfs with page group included in a single page
>
<dd/dd6/def__struct_8h__dep__incl.pdf, id=205, 424.58624pt x 347.2975pt>
File: dd/dd6/def__struct_8h__dep__incl.pdf Graphic file (type pdf)
<use dd/dd6/def__struct_8h__dep__incl.pdf>
Package pdftex.def Info: dd/dd6/def__struct_8h__dep__incl.pdf  used on input li
ne 25.
(pdftex.def)             Requested size: 350.0pt x 286.30139pt.

Underfull \vbox (badness 1184) has occurred while \output is active []

 [33]
[34]) (./d8/db1/export__proc__info_8h.tex [35] <./d2/d67/export__proc__info_8h_
_incl.pdf

pdfTeX warning: pdflatex (file ./d2/d67/export__proc__info_8h__incl.pdf): PDF i
nclusion: multiple pdfs with page group included in a single page
>
<d2/d67/export__proc__info_8h__incl.pdf, id=225, 1197.47375pt x 336.25626pt>
File: d2/d67/export__proc__info_8h__incl.pdf Graphic file (type pdf)
<use d2/d67/export__proc__info_8h__incl.pdf>
Package pdftex.def Info: d2/d67/export__proc__info_8h__incl.pdf  used on input 
line 17.
(pdftex.def)             Requested size: 350.0pt x 98.28143pt.
 <./de/d94/export__proc__info_8h__dep__incl.pdf

pdfTeX warning: pdflatex (file ./de/d94/export__proc__info_8h__dep__incl.pdf): 
PDF inclusion: multiple pdfs with page group included in a single page
>
<de/d94/export__proc__info_8h__dep__incl.pdf, id=240, 424.58624pt x 291.0875pt>

File: de/d94/export__proc__info_8h__dep__incl.pdf Graphic file (type pdf)
<use de/d94/export__proc__info_8h__dep__incl.pdf>
Package pdftex.def Info: de/d94/export__proc__info_8h__dep__incl.pdf  used on i
nput line 24.
(pdftex.def)             Requested size: 350.0pt x 239.9636pt.
 [36]
Overfull \hbox (50.74138pt too wide) in paragraph at lines 80--80
[]\T1/phv/m/sl/9 Create[]: a $\OML/cmm/m/it/9 <$\T1/phv/m/sl/9 pid$\OML/cmm/m/i
t/9 >$ \T1/phv/m/sl/9 dir un-der /proc/ums/$\OML/cmm/m/it/9 <$\T1/phv/m/sl/9 fi
lep$\OML/cmm/m/it/9 >$\T1/phv/m/sl/9 /schedulers,file "info" and a "work-ers" d
ir un-der /proc/ums/$\OML/cmm/m/it/9 <$\T1/phv/m/sl/9 filep$\OML/cmm/m/it/9 >$\
T1/phv/m/sl/9 /schedulers/$\OML/cmm/m/it/9 <$\T1/phv/m/sl/9 pid$\OML/cmm/m/it/9
 >$\T1/phv/m/sl/9 .
 []

[37]
Underfull \hbox (badness 10000) detected at line 114
[][][]
 []


Underfull \hbox (badness 10000) detected at line 140
[][][]
 []


Overfull \hbox (61.64966pt too wide) in paragraph at lines 155--156
[]\T1/phv/m/n/10 Create[]: a $\OML/cmm/m/it/10 <$\T1/phv/m/n/10 pid$\OML/cmm/m/
it/10 >$ \T1/phv/m/n/10 dir un-der /proc/ums/$\OML/cmm/m/it/10 <$\T1/phv/m/n/10
 filep$\OML/cmm/m/it/10 >$\T1/phv/m/n/10 /schedulers,file "info" and a "work-er
s" dir un-der /proc/ums/$\OML/cmm/m/it/10 <$\T1/phv/m/n/10 filep$\OML/cmm/m/it/
10 >$\T1/phv/m/n/10 /schedulers/$\OML/cmm/m/it/10 <$\T1/phv/m/n/10 pid$\OML/cmm
/m/it/10 >$\T1/phv/m/n/10 .
 []


LaTeX Warning: Reference `d6/df7/structscheduler__thread' on page 38 undefined 
on input line 3.


Overfull \vbox (45.65736pt too high) has occurred while \output is active []


[38]
Underfull \hbox (badness 10000) detected at line 166
[][][]
 []


LaTeX Warning: Reference `dd/d5b/structworker__thread' on page 39 undefined on 
input line 1.


Underfull \hbox (badness 10000) detected at line 190
[][][]
 []


Underfull \hbox (badness 10000) detected at line 207
[][][]
 []

[39]
Underfull \hbox (badness 10000) detected at line 231
[][][]
 []


Underfull \hbox (badness 10000) detected at line 255
[][][]
 []

[40]
Underfull \hbox (badness 10000) detected at line 279
[][][]
 []

) (./da/dff/ums__user__library_8h.tex <./d3/dd0/ums__user__library_8h__incl.pdf


pdfTeX warning: pdflatex (file ./d3/dd0/ums__user__library_8h__incl.pdf): PDF i
nclusion: multiple pdfs with page group included in a single page
>
<d3/dd0/ums__user__library_8h__incl.pdf, id=265, 638.385pt x 156.585pt>
File: d3/dd0/ums__user__library_8h__incl.pdf Graphic file (type pdf)
<use d3/dd0/ums__user__library_8h__incl.pdf>
Package pdftex.def Info: d3/dd0/ums__user__library_8h__incl.pdf  used on input 
line 18.
(pdftex.def)             Requested size: 350.0pt x 85.84962pt.
 <./d8/d9a/ums__user__library_8h__dep__incl.pdf

pdfTeX warning: pdflatex (file ./d8/d9a/ums__user__library_8h__dep__incl.pdf): 
PDF inclusion: multiple pdfs with page group included in a single page
>
<d8/d9a/ums__user__library_8h__dep__incl.pdf, id=273, 295.1025pt x 156.585pt>
File: d8/d9a/ums__user__library_8h__dep__incl.pdf Graphic file (type pdf)
<use d8/d9a/ums__user__library_8h__dep__incl.pdf>
Package pdftex.def Info: d8/d9a/ums__user__library_8h__dep__incl.pdf  used on i
nput line 25.
(pdftex.def)             Requested size: 294.0pt x 156.004pt.
 [41]
LaTeX Font Info:    Font shape `T1/phv/b/it' in size <9> not available
(Font)              Font shape `T1/phv/b/sl' tried instead on input line 68.
LaTeX Font Info:    Font shape `T1/phv/b/sl' will be
(Font)              scaled to size 8.09995pt on input line 68.
LaTeX Font Info:    Font shape `T1/phv/b/it' in size <7> not available
(Font)              Font shape `T1/phv/b/sl' tried instead on input line 68.
LaTeX Font Info:    Font shape `T1/phv/b/sl' will be
(Font)              scaled to size 6.29996pt on input line 68.
LaTeX Font Info:    Font shape `T1/phv/b/n' will be
(Font)              scaled to size 8.09995pt on input line 68.


LaTeX Warning: Reference `dd/d5b/structworker__thread' on page 42 undefined on 
input line 68.


LaTeX Warning: Reference `d0/dea/structcompletion__list' on page 42 undefined o
n input line 70.

[42] [43]
LaTeX Font Info:    Font shape `T1/pcr/m/it' in size <7> not available
(Font)              Font shape `T1/pcr/m/sl' tried instead on input line 216.
 [44]
Underfull \hbox (badness 10000) detected at line 233
[][][]
 []


LaTeX Warning: Reference `d0/dea/structcompletion__list' on page 45 undefined o
n input line 248.


Underfull \hbox (badness 10000) detected at line 255
[][][]
 []

[45]
Underfull \hbox (badness 10000) detected at line 277
[][][]
 []


LaTeX Warning: Reference `dd/d32/structcompletion__list__data' on page 46 undef
ined on input line 278.


Underfull \hbox (badness 10000) in paragraph at lines 278--279

 []


Underfull \hbox (badness 10000) detected at line 302
[][][]
 []

[46]
Underfull \hbox (badness 10000) detected at line 330
[][][]
 []


LaTeX Warning: Reference `d2/d14/structums__worker__thread__data' on page 47 un
defined on input line 3.


LaTeX Warning: Reference `d0/dea/structcompletion__list' on page 47 undefined o
n input line 5.


Underfull \hbox (badness 10000) detected at line 356
[][][]
 []

 <./da/dff/ums__user__library_8h_a93fb4f479e87b611e5d565aa59342ea9_cgraph.pdf

pdfTeX warning: pdflatex (file ./da/dff/ums__user__library_8h_a93fb4f479e87b611
e5d565aa59342ea9_cgraph.pdf): PDF inclusion: multiple pdfs with page group incl
uded in a single page
>
<da/dff/ums__user__library_8h_a93fb4f479e87b611e5d565aa59342ea9_cgraph.pdf, id=
302, 345.29pt x 100.375pt>
File: da/dff/ums__user__library_8h_a93fb4f479e87b611e5d565aa59342ea9_cgraph.pdf
 Graphic file (type pdf)
<use da/dff/ums__user__library_8h_a93fb4f479e87b611e5d565aa59342ea9_cgraph.pdf>

Package pdftex.def Info: da/dff/ums__user__library_8h_a93fb4f479e87b611e5d565aa
59342ea9_cgraph.pdf  used on input line 367.
(pdftex.def)             Requested size: 344.0pt x 100.00102pt.


LaTeX Warning: Reference `dd/d5b/structworker__thread' on page 47 undefined on 
input line 378.

[47]
Underfull \hbox (badness 10000) detected at line 385
[][][]
 []

 <./da/dff/ums__user__library_8h_a71adff8e748b707700456d9bfd708843_icgraph.pdf>
<da/dff/ums__user__library_8h_a71adff8e748b707700456d9bfd708843_icgraph.pdf, id
=315, 345.29pt x 100.375pt>
File: da/dff/ums__user__library_8h_a71adff8e748b707700456d9bfd708843_icgraph.pd
f Graphic file (type pdf)
<use da/dff/ums__user__library_8h_a71adff8e748b707700456d9bfd708843_icgraph.pdf
>
Package pdftex.def Info: da/dff/ums__user__library_8h_a71adff8e748b707700456d9b
fd708843_icgraph.pdf  used on input line 396.
(pdftex.def)             Requested size: 344.0pt x 100.00102pt.

Underfull \hbox (badness 10000) detected at line 414
[][][]
 []


Underfull \hbox (badness 10000) detected at line 431
[][][]
 []

[48]
Underfull \hbox (badness 10000) detected at line 448
[][][]
 []


Underfull \hbox (badness 10000) detected at line 470
[][][]
 []

) (./de/d3f/user__struct_8h.tex <./d6/df0/user__struct_8h__dep__incl.pdf>
<d6/df0/user__struct_8h__dep__incl.pdf, id=327, 595.22375pt x 403.5075pt>
File: d6/df0/user__struct_8h__dep__incl.pdf Graphic file (type pdf)
<use d6/df0/user__struct_8h__dep__incl.pdf>
Package pdftex.def Info: d6/df0/user__struct_8h__dep__incl.pdf  used on input l
ine 12.
(pdftex.def)             Requested size: 350.0pt x 237.26695pt.

[49]

LaTeX Warning: Reference `d8/d00/structsched__thread__data' on page 50 undefine
d on input line 19.


LaTeX Warning: Reference `dd/d32/structcompletion__list__data' on page 50 undef
ined on input line 21.


LaTeX Warning: Reference `d2/d14/structums__worker__thread__data' on page 50 un
defined on input line 23.


LaTeX Warning: Reference `d8/d00/structsched__thread__data' on page 50 undefine
d on input line 31.


LaTeX Warning: Reference `dd/d32/structcompletion__list__data' on page 50 undef
ined on input line 33.


LaTeX Warning: Reference `d2/d14/structums__worker__thread__data' on page 50 un
defined on input line 35.


LaTeX Warning: Reference `dd/d32/structcompletion__list__data' on page 50 undef
ined on input line 52.

[50]

LaTeX Warning: Reference `d8/d00/structsched__thread__data' on page 51 undefine
d on input line 62.


LaTeX Warning: Reference `d2/d14/structums__worker__thread__data' on page 51 un
defined on input line 72.

) (./d9/db6/module__library_8h.tex <./da/ddb/module__library_8h__incl.pdf>
<da/ddb/module__library_8h__incl.pdf, id=342, 1083.04625pt x 280.04625pt>
File: da/ddb/module__library_8h__incl.pdf Graphic file (type pdf)
<use da/ddb/module__library_8h__incl.pdf>
Package pdftex.def Info: da/ddb/module__library_8h__incl.pdf  used on input lin
e 21.
(pdftex.def)             Requested size: 350.0pt x 90.50116pt.
 <./d7/dcd/module__library_8h__dep__incl.pdf

pdfTeX warning: pdflatex (file ./d7/dcd/module__library_8h__dep__incl.pdf): PDF
 inclusion: multiple pdfs with page group included in a single page
>
<d7/dcd/module__library_8h__dep__incl.pdf, id=358, 355.3275pt x 291.0875pt>
File: d7/dcd/module__library_8h__dep__incl.pdf Graphic file (type pdf)
<use d7/dcd/module__library_8h__dep__incl.pdf>
Package pdftex.def Info: d7/dcd/module__library_8h__dep__incl.pdf  used on inpu
t line 28.
(pdftex.def)             Requested size: 350.0pt x 286.73396pt.
 [51]

LaTeX Warning: Reference `d6/df7/structscheduler__thread' on page 52 undefined 
on input line 35.


LaTeX Warning: Reference `d6/df7/structscheduler__thread' on page 52 undefined 
on input line 37.


LaTeX Warning: Reference `d6/df7/structscheduler__thread' on page 52 undefined 
on input line 39.


LaTeX Warning: Reference `d0/dea/structcompletion__list' on page 52 undefined o
n input line 43.


LaTeX Warning: Reference `dd/d5b/structworker__thread' on page 52 undefined on 
input line 45.

LaTeX Font Info:    Font shape `TS1/phv/m/it' in size <9> not available
(Font)              Font shape `TS1/phv/m/sl' tried instead on input line 51.
LaTeX Font Info:    Font shape `TS1/phv/m/sl' will be
(Font)              scaled to size 8.09995pt on input line 51.

LaTeX Warning: Reference `dd/d5b/structworker__thread' on page 52 undefined on 
input line 57.


LaTeX Warning: Reference `d2/d14/structums__worker__thread__data' on page 52 un
defined on input line 57.


LaTeX Warning: Reference `d0/dea/structcompletion__list' on page 52 undefined o
n input line 57.

[52]

LaTeX Warning: Reference `d2/d14/structums__worker__thread__data' on page 53 un
defined on input line 69.


Overfull \vbox (34.03537pt too high) has occurred while \output is active []


[53]
Underfull \hbox (badness 10000) detected at line 103
[][][]
 []


LaTeX Warning: Reference `de/d09/structscheduler__thread__worker__lifo' on page
 54 undefined on input line 106.


Underfull \hbox (badness 10000) detected at line 132
[][][]
 []

 <./d9/db6/module__library_8h_a577d611824aaa312e744706fbff8fb1a_icgraph.pdf

pdfTeX warning: pdflatex (file ./d9/db6/module__library_8h_a577d611824aaa312e74
4706fbff8fb1a_icgraph.pdf): PDF inclusion: multiple pdfs with page group includ
ed in a single page
>
<d9/db6/module__library_8h_a577d611824aaa312e744706fbff8fb1a_icgraph.pdf, id=37
9, 439.6425pt x 100.375pt>
File: d9/db6/module__library_8h_a577d611824aaa312e744706fbff8fb1a_icgraph.pdf G
raphic file (type pdf)
<use d9/db6/module__library_8h_a577d611824aaa312e744706fbff8fb1a_icgraph.pdf>
Package pdftex.def Info: d9/db6/module__library_8h_a577d611824aaa312e744706fbff
8fb1a_icgraph.pdf  used on input line 143.
(pdftex.def)             Requested size: 350.0pt x 79.91107pt.
 [54]
Underfull \hbox (badness 10000) detected at line 163
[][][]
 []

 <./d9/db6/module__library_8h_ac1178af6cb772fa9ee35f21b1e4c6cc7_icgraph.pdf>
<d9/db6/module__library_8h_ac1178af6cb772fa9ee35f21b1e4c6cc7_icgraph.pdf, id=39
1, 422.57875pt x 100.375pt>
File: d9/db6/module__library_8h_ac1178af6cb772fa9ee35f21b1e4c6cc7_icgraph.pdf G
raphic file (type pdf)
<use d9/db6/module__library_8h_ac1178af6cb772fa9ee35f21b1e4c6cc7_icgraph.pdf>
Package pdftex.def Info: d9/db6/module__library_8h_ac1178af6cb772fa9ee35f21b1e4
c6cc7_icgraph.pdf  used on input line 174.
(pdftex.def)             Requested size: 350.0pt x 83.13814pt.


LaTeX Warning: Reference `dd/d5b/structworker__thread' on page 55 undefined on 
input line 185.


LaTeX Warning: Reference `d2/d14/structums__worker__thread__data' on page 55 un
defined on input line 185.


LaTeX Warning: Reference `d0/dea/structcompletion__list' on page 55 undefined o
n input line 185.


LaTeX Warning: Reference `d2/d14/structums__worker__thread__data' on page 55 un
defined on input line 1.


LaTeX Warning: Reference `d0/dea/structcompletion__list' on page 55 undefined o
n input line 9.


LaTeX Warning: Reference `d0/dea/structcompletion__list' on page 55 undefined o
n input line 9.


Underfull \hbox (badness 10000) detected at line 200
[][][]
 []

[55]

LaTeX Warning: Reference `d6/df7/structscheduler__thread' on page 56 undefined 
on input line 215.


Underfull \hbox (badness 10000) detected at line 233
[][][]
 []


Underfull \hbox (badness 10000) detected at line 257
[][][]
 []

[56]

LaTeX Warning: Reference `d2/d14/structums__worker__thread__data' on page 57 un
defined on input line 272.


Underfull \hbox (badness 10000) detected at line 283
[][][]
 []

 <./d9/db6/module__library_8h_a150c26db6cdd59ffdb857c81cd6ba3c8_cgraph.pdf

pdfTeX warning: pdflatex (file ./d9/db6/module__library_8h_a150c26db6cdd59ffdb8
57c81cd6ba3c8_cgraph.pdf): PDF inclusion: multiple pdfs with page group include
d in a single page
>
<d9/db6/module__library_8h_a150c26db6cdd59ffdb857c81cd6ba3c8_cgraph.pdf, id=406
, 351.3125pt x 100.375pt>
File: d9/db6/module__library_8h_a150c26db6cdd59ffdb857c81cd6ba3c8_cgraph.pdf Gr
aphic file (type pdf)
<use d9/db6/module__library_8h_a150c26db6cdd59ffdb857c81cd6ba3c8_cgraph.pdf>
Package pdftex.def Info: d9/db6/module__library_8h_a150c26db6cdd59ffdb857c81cd6
ba3c8_cgraph.pdf  used on input line 294.
(pdftex.def)             Requested size: 350.0pt x 100.00716pt.


LaTeX Warning: Reference `d0/dea/structcompletion__list' on page 57 undefined o
n input line 3.

[57]
Underfull \hbox (badness 10000) detected at line 316
[][][]
 []


LaTeX Warning: Reference `d0/dea/structcompletion__list' on page 58 undefined o
n input line 7.


LaTeX Warning: Reference `d0/dea/structcompletion__list' on page 58 undefined o
n input line 7.


Underfull \hbox (badness 10000) detected at line 344
[][][]
 []


Overfull \vbox (14.03981pt too high) has occurred while \output is active []


[58]
Underfull \hbox (badness 10000) detected at line 372
[][][]
 []


LaTeX Warning: Reference `de/d09/structscheduler__thread__worker__lifo' on page
 59 undefined on input line 375.


Underfull \hbox (badness 10000) detected at line 401
[][][]
 []

 <./d9/db6/module__library_8h_af7420b2484dedd2009c15bf004889989_cgraph.pdf

pdfTeX warning: pdflatex (file ./d9/db6/module__library_8h_af7420b2484dedd2009c
15bf004889989_cgraph.pdf): PDF inclusion: multiple pdfs with page group include
d in a single page
>
<d9/db6/module__library_8h_af7420b2484dedd2009c15bf004889989_cgraph.pdf, id=421
, 351.3125pt x 111.41624pt>
File: d9/db6/module__library_8h_af7420b2484dedd2009c15bf004889989_cgraph.pdf Gr
aphic file (type pdf)
<use d9/db6/module__library_8h_af7420b2484dedd2009c15bf004889989_cgraph.pdf>
Package pdftex.def Info: d9/db6/module__library_8h_af7420b2484dedd2009c15bf0048
89989_cgraph.pdf  used on input line 412.
(pdftex.def)             Requested size: 350.0pt x 111.00795pt.
 [59]
Underfull \hbox (badness 10000) detected at line 434
[][][]
 []


LaTeX Warning: Reference `dd/d32/structcompletion__list__data' on page 60 undef
ined on input line 1.


LaTeX Warning: Reference `d0/dea/structcompletion__list' on page 60 undefined o
n input line 3.


Underfull \hbox (badness 10000) detected at line 458
[][][]
 []


Underfull \vbox (badness 10000) has occurred while \output is active []

 [60]
Underfull \hbox (badness 10000) detected at line 483
[][][]
 []


LaTeX Warning: Reference `d6/df7/structscheduler__thread' on page 61 undefined 
on input line 498.


Underfull \hbox (badness 10000) detected at line 508
[][][]
 []

 <./d9/db6/module__library_8h_a8665b5174c1ba093125561797d0287c2_icgraph.pdf

pdfTeX warning: pdflatex (file ./d9/db6/module__library_8h_a8665b5174c1ba093125
561797d0287c2_icgraph.pdf): PDF inclusion: multiple pdfs with page group includ
ed in a single page
>
<d9/db6/module__library_8h_a8665b5174c1ba093125561797d0287c2_icgraph.pdf, id=43
7, 351.3125pt x 100.375pt>
File: d9/db6/module__library_8h_a8665b5174c1ba093125561797d0287c2_icgraph.pdf G
raphic file (type pdf)
<use d9/db6/module__library_8h_a8665b5174c1ba093125561797d0287c2_icgraph.pdf>
Package pdftex.def Info: d9/db6/module__library_8h_a8665b5174c1ba093125561797d0
287c2_icgraph.pdf  used on input line 519.
(pdftex.def)             Requested size: 350.0pt x 100.00716pt.


LaTeX Warning: Reference `d6/df7/structscheduler__thread' on page 61 undefined 
on input line 530.

[61]
Underfull \hbox (badness 10000) detected at line 540
[][][]
 []

 <./d9/db6/module__library_8h_a19fa8292d88726dc8a30781bc2bef489_icgraph.pdf>
<d9/db6/module__library_8h_a19fa8292d88726dc8a30781bc2bef489_icgraph.pdf, id=44
9, 351.3125pt x 111.41624pt>
File: d9/db6/module__library_8h_a19fa8292d88726dc8a30781bc2bef489_icgraph.pdf G
raphic file (type pdf)
<use d9/db6/module__library_8h_a19fa8292d88726dc8a30781bc2bef489_icgraph.pdf>
Package pdftex.def Info: d9/db6/module__library_8h_a19fa8292d88726dc8a30781bc2b
ef489_icgraph.pdf  used on input line 551.
(pdftex.def)             Requested size: 350.0pt x 111.00795pt.


LaTeX Warning: Reference `d0/dea/structcompletion__list' on page 62 undefined o
n input line 562.


LaTeX Warning: Reference `d0/dea/structcompletion__list' on page 62 undefined o
n input line 3.


Underfull \hbox (badness 10000) detected at line 571
[][][]
 []

[62]

LaTeX Warning: Reference `dd/d5b/structworker__thread' on page 63 undefined on 
input line 586.


LaTeX Warning: Reference `d0/dea/structcompletion__list' on page 63 undefined o
n input line 1.


LaTeX Warning: Reference `dd/d5b/structworker__thread' on page 63 undefined on 
input line 3.


Underfull \hbox (badness 10000) detected at line 595
[][][]
 []


Underfull \hbox (badness 10000) detected at line 621
[][][]
 []

) (./d0/d0c/ums_8h.tex <./db/dce/ums_8h__incl.pdf>
<db/dce/ums_8h__incl.pdf, id=461, 999.735pt x 336.25626pt>
File: db/dce/ums_8h__incl.pdf Graphic file (type pdf)
<use db/dce/ums_8h__incl.pdf>
Package pdftex.def Info: db/dce/ums_8h__incl.pdf  used on input line 18.
(pdftex.def)             Requested size: 350.0pt x 117.72223pt.
 [63] <./d5/d36/ums_8h__dep__incl.pdf

pdfTeX warning: pdflatex (file ./d5/d36/ums_8h__dep__incl.pdf): PDF inclusion: 
multiple pdfs with page group included in a single page
>
<d5/d36/ums_8h__dep__incl.pdf, id=479, 377.41pt x 291.0875pt>
File: d5/d36/ums_8h__dep__incl.pdf Graphic file (type pdf)
<use d5/d36/ums_8h__dep__incl.pdf>
Package pdftex.def Info: d5/d36/ums_8h__dep__incl.pdf  used on input line 25.
(pdftex.def)             Requested size: 350.0pt x 269.9446pt.


LaTeX Warning: Reference `dc/d33/Common_8h' on page 64 undefined on input line 
36.

[64]
Underfull \hbox (badness 10000) detected at line 64
[][][]
 []

 <./d0/d0c/ums_8h_a120705ab9799d49f6c19332b2d00fd0d_cgraph.pdf>
<d0/d0c/ums_8h_a120705ab9799d49f6c19332b2d00fd0d_cgraph.pdf, id=491, 439.6425pt
 x 100.375pt>
File: d0/d0c/ums_8h_a120705ab9799d49f6c19332b2d00fd0d_cgraph.pdf Graphic file (
type pdf)
<use d0/d0c/ums_8h_a120705ab9799d49f6c19332b2d00fd0d_cgraph.pdf>
Package pdftex.def Info: d0/d0c/ums_8h_a120705ab9799d49f6c19332b2d00fd0d_cgraph
.pdf  used on input line 75.
(pdftex.def)             Requested size: 350.0pt x 79.91107pt.
 [65]
Underfull \hbox (badness 10000) detected at line 93
[][][]
 []

 <./d0/d0c/ums_8h_a8b7f67d5f34fc1e564c20518972f263f_cgraph.pdf>
<d0/d0c/ums_8h_a8b7f67d5f34fc1e564c20518972f263f_cgraph.pdf, id=504, 422.57875p
t x 100.375pt>
File: d0/d0c/ums_8h_a8b7f67d5f34fc1e564c20518972f263f_cgraph.pdf Graphic file (
type pdf)
<use d0/d0c/ums_8h_a8b7f67d5f34fc1e564c20518972f263f_cgraph.pdf>
Package pdftex.def Info: d0/d0c/ums_8h_a8b7f67d5f34fc1e564c20518972f263f_cgraph
.pdf  used on input line 104.
(pdftex.def)             Requested size: 350.0pt x 83.13814pt.


LaTeX Warning: Reference `dc/d33/Common_8h' on page 66 undefined on input line 
115.


LaTeX Warning: Reference `dc/d33/Common_8h' on page 66 undefined on input line 
3.


Underfull \hbox (badness 10000) detected at line 126
[][][]
 []


LaTeX Warning: Reference `d8/d08/structargs' on page 66 undefined on input line
 131.

[66]
Underfull \hbox (badness 10000) detected at line 168
[][][]
 []

[67]
Underfull \hbox (badness 10000) detected at line 192
[][][]
 []

) [68] (./refman.ind
Underfull \hbox (badness 10000) in paragraph at lines 32--33
[]| \T1/phv/m/n/10 DE-QUEUE_UMS_COMPLETION_LIST_ITEMS,
 []

[69



] [70] [71] [72

]) (./refman.aux)

LaTeX Warning: There were undefined references.

 ) 
Here is how much of TeX's memory you used:
 9947 strings out of 483183
 158160 string characters out of 5966292
 461355 words of memory out of 5000000
 24618 multiletter control sequences out of 15000+600000
 604842 words of font info for 118 fonts, out of 8000000 for 9000
 14 hyphenation exceptions out of 8191
 55i,16n,96p,938b,574s stack positions out of 5000i,500n,10000p,200000b,80000s
{/usr/share/texlive/texmf-dist/fonts/enc/dvips/base/8r.enc}</usr/share/texliv
e/texmf-dist/fonts/type1/public/amsfonts/cm/cmmi10.pfb></usr/share/texlive/texm
f-dist/fonts/type1/public/amsfonts/cm/cmmi12.pfb></usr/share/texlive/texmf-dist
/fonts/type1/public/amsfonts/cm/cmmi7.pfb></usr/share/texlive/texmf-dist/fonts/
type1/public/amsfonts/cm/cmmi9.pfb></usr/share/texlive/texmf-dist/fonts/type1/p
ublic/amsfonts/cm/cmsy10.pfb></usr/share/texlive/texmf-dist/fonts/type1/public/
amsfonts/cm/cmsy7.pfb></usr/share/texlive/texmf-dist/fonts/type1/public/amsfont
s/cm/cmsy8.pfb></usr/share/texlive/texmf-dist/fonts/type1/public/amsfonts/cm/cm
sy9.pfb></usr/share/texlive/texmf-dist/fonts/type1/urw/courier/ucrb8a.pfb></usr
/share/texlive/texmf-dist/fonts/type1/urw/courier/ucrr8a.pfb></usr/share/texliv
e/texmf-dist/fonts/type1/urw/courier/ucrro8a.pfb></usr/share/texlive/texmf-dist
/fonts/type1/urw/helvetic/uhvb8a.pfb></usr/share/texlive/texmf-dist/fonts/type1
/urw/helvetic/uhvb8ac.pfb></usr/share/texlive/texmf-dist/fonts/type1/urw/helvet
ic/uhvbo8a.pfb></usr/share/texlive/texmf-dist/fonts/type1/urw/helvetic/uhvr8a.p
fb></usr/share/texlive/texmf-dist/fonts/type1/urw/helvetic/uhvro8a.pfb>
Output written on refman.pdf (80 pages, 432986 bytes).
PDF statistics:
 591 PDF objects out of 1000 (max. 8388607)
 387 compressed objects within 4 object streams
 0 named destinations out of 1000 (max. 500000)
 136 words of extra memory for PDF output out of 10000 (max. 10000000)

